{
  "Cucumber Features": {
    "coverage": {
      "/home/simon/Documents/Rails/hw3/app/controllers/application_controller.rb": [
        1,
        1,
        null
      ],
      "/home/simon/Documents/Rails/hw3/app/helpers/application_helper.rb": [
        1,
        null
      ],
      "/home/simon/Documents/Rails/hw3/app/helpers/movies_helper.rb": [
        1,
        null,
        1,
        0,
        null,
        null
      ],
      "/home/simon/Documents/Rails/hw3/app/controllers/movies_controller.rb": [
        1,
        null,
        1,
        3,
        3,
        3,
        null,
        null,
        1,
        12,
        12,
        null,
        2,
        null,
        2,
        null,
        12,
        12,
        null,
        12,
        36,
        null,
        null,
        12,
        3,
        3,
        3,
        null,
        9,
        null,
        null,
        1,
        null,
        null,
        null,
        1,
        0,
        0,
        0,
        0,
        null,
        0,
        0,
        null,
        null,
        null,
        1,
        1,
        null,
        null,
        1,
        1,
        1,
        1,
        1,
        null,
        null,
        1,
        0,
        0,
        0,
        0,
        null,
        null,
        1,
        2,
        null,
        null,
        null,
        null,
        null,
        null,
        2,
        2,
        1,
        1,
        null,
        null,
        null,
        null
      ],
      "/home/simon/Documents/Rails/hw3/app/models/movie.rb": [
        1,
        1,
        12,
        null,
        null
      ]
    },
    "timestamp": 1376351391
  },
  "RSpec": {
    "coverage": {
      "/home/simon/Documents/Rails/hw3/app/controllers/application_controller.rb": [
        1,
        1,
        null
      ],
      "/home/simon/Documents/Rails/hw3/app/helpers/application_helper.rb": [
        1,
        null
      ],
      "/home/simon/Documents/Rails/hw3/app/helpers/movies_helper.rb": [
        1,
        null,
        1,
        0,
        null,
        null
      ],
      "/home/simon/Documents/Rails/hw3/app/controllers/movies_controller.rb": [
        1,
        null,
        1,
        1,
        1,
        1,
        null,
        null,
        1,
        3,
        3,
        null,
        0,
        null,
        2,
        null,
        3,
        3,
        null,
        3,
        6,
        null,
        null,
        3,
        1,
        1,
        1,
        null,
        2,
        null,
        null,
        1,
        null,
        null,
        null,
        1,
        6,
        6,
        4,
        4,
        null,
        2,
        2,
        null,
        null,
        null,
        1,
        1,
        null,
        null,
        1,
        4,
        4,
        4,
        4,
        null,
        null,
        1,
        0,
        0,
        0,
        0,
        null,
        null,
        1,
        3,
        null,
        null,
        null,
        null,
        null,
        null,
        3,
        3,
        2,
        2,
        null,
        null,
        null,
        null
      ],
      "/home/simon/Documents/Rails/hw3/app/models/movie.rb": [
        1,
        1,
        0,
        null,
        null
      ]
    },
    "timestamp": 1376351396
  }
}
